<?xml version="1.0" encoding="UTF-8"?>
<!-- Generated by org.testng.reporters.JUnitReportReporter -->
<testsuite hostname="snehaldalal" failures="0" tests="2" name="DHC_Page_Tests.Login_Page_Test" time="17.519" errors="0" timestamp="26 Mar 2019 06:03:44 GMT" skipped="0">
  <testcase classname="DHC_Page_Tests.Login_Page_Test" name="firstlogin" time="1.000"/>
  <testcase classname="DHC_Page_Tests.Login_Page_Test" name="microsoftlogin" time="16.519"/>
</testsuite> <!-- DHC_Page_Tests.Login_Page_Test -->
